<?xml version="1.0" encoding="UTF-8"?>
<testsuite name="ErrorTest" time="0.132" tests="23" errors="23" skipped="0" failures="0">
  <properties>
    <property name="java.runtime.name" value="OpenJDK Runtime Environment"/>
    <property name="sun.boot.library.path" value="/usr/lib/jvm/java-8-openjdk-amd64/jre/lib/amd64"/>
    <property name="java.vm.version" value="25.191-b12"/>
    <property name="java.vm.vendor" value="Oracle Corporation"/>
    <property name="maven.multiModuleProjectDirectory" value="/home/tinghui/Downloads/evodoop/projects/3_gaj"/>
    <property name="java.vendor.url" value="http://java.oracle.com/"/>
    <property name="path.separator" value=":"/>
    <property name="guice.disable.misplaced.annotation.check" value="true"/>
    <property name="java.vm.name" value="OpenJDK 64-Bit Server VM"/>
    <property name="file.encoding.pkg" value="sun.io"/>
    <property name="user.country" value="US"/>
    <property name="sun.java.launcher" value="SUN_STANDARD"/>
    <property name="sun.os.patch.level" value="unknown"/>
    <property name="java.vm.specification.name" value="Java Virtual Machine Specification"/>
    <property name="user.dir" value="/home/tinghui/Downloads/evodoop/projects/3_gaj"/>
    <property name="java.runtime.version" value="1.8.0_191-8u191-b12-2ubuntu0.18.04.1-b12"/>
    <property name="java.awt.graphicsenv" value="sun.awt.X11GraphicsEnvironment"/>
    <property name="java.endorsed.dirs" value="/usr/lib/jvm/java-8-openjdk-amd64/jre/lib/endorsed"/>
    <property name="os.arch" value="amd64"/>
    <property name="java.io.tmpdir" value="/tmp"/>
    <property name="line.separator" value="&#10;"/>
    <property name="java.vm.specification.vendor" value="Oracle Corporation"/>
    <property name="os.name" value="Linux"/>
    <property name="net.sourceforge.cobertura.datafile" value="/home/tinghui/Downloads/evodoop/projects/3_gaj/target/cobertura/cobertura.ser"/>
    <property name="classworlds.conf" value="/usr/share/maven/bin/m2.conf"/>
    <property name="sun.jnu.encoding" value="UTF-8"/>
    <property name="java.library.path" value="/usr/java/packages/lib/amd64:/usr/lib/x86_64-linux-gnu/jni:/lib/x86_64-linux-gnu:/usr/lib/x86_64-linux-gnu:/usr/lib/jni:/lib:/usr/lib"/>
    <property name="maven.conf" value="/usr/share/maven/conf"/>
    <property name="java.specification.name" value="Java Platform API Specification"/>
    <property name="java.class.version" value="52.0"/>
    <property name="sun.management.compiler" value="HotSpot 64-Bit Tiered Compilers"/>
    <property name="os.version" value="4.18.0-17-generic"/>
    <property name="library.jansi.path" value="/usr/share/maven/lib/jansi-native"/>
    <property name="user.home" value="/home/tinghui"/>
    <property name="user.timezone" value="America/Los_Angeles"/>
    <property name="java.awt.printerjob" value="sun.print.PSPrinterJob"/>
    <property name="java.specification.version" value="1.8"/>
    <property name="file.encoding" value="UTF-8"/>
    <property name="user.name" value="tinghui"/>
    <property name="java.class.path" value="/usr/share/maven/boot/plexus-classworlds-2.x.jar"/>
    <property name="java.vm.specification.version" value="1.8"/>
    <property name="sun.arch.data.model" value="64"/>
    <property name="java.home" value="/usr/lib/jvm/java-8-openjdk-amd64/jre"/>
    <property name="sun.java.command" value="org.codehaus.plexus.classworlds.launcher.Launcher clean cobertura:cobertura cobertura:dump-datafile"/>
    <property name="java.specification.vendor" value="Oracle Corporation"/>
    <property name="user.language" value="en"/>
    <property name="awt.toolkit" value="sun.awt.X11.XToolkit"/>
    <property name="java.vm.info" value="mixed mode"/>
    <property name="java.version" value="1.8.0_191"/>
    <property name="java.ext.dirs" value="/usr/lib/jvm/java-8-openjdk-amd64/jre/lib/ext:/usr/java/packages/lib/ext"/>
    <property name="securerandom.source" value="file:/dev/./urandom"/>
    <property name="sun.boot.class.path" value="/usr/lib/jvm/java-8-openjdk-amd64/jre/lib/resources.jar:/usr/lib/jvm/java-8-openjdk-amd64/jre/lib/rt.jar:/usr/lib/jvm/java-8-openjdk-amd64/jre/lib/sunrsasign.jar:/usr/lib/jvm/java-8-openjdk-amd64/jre/lib/jsse.jar:/usr/lib/jvm/java-8-openjdk-amd64/jre/lib/jce.jar:/usr/lib/jvm/java-8-openjdk-amd64/jre/lib/charsets.jar:/usr/lib/jvm/java-8-openjdk-amd64/jre/lib/jfr.jar:/usr/lib/jvm/java-8-openjdk-amd64/jre/classes"/>
    <property name="java.vendor" value="Oracle Corporation"/>
    <property name="maven.home" value="/usr/share/maven"/>
    <property name="file.separator" value="/"/>
    <property name="java.vendor.url.bug" value="http://bugreport.sun.com/bugreport/"/>
    <property name="sun.cpu.endian" value="little"/>
    <property name="sun.io.unicode.encoding" value="UnicodeLittle"/>
    <property name="project.build.outputDirectory" value="/home/tinghui/Downloads/evodoop/projects/3_gaj/target/generated-classes/cobertura"/>
    <property name="sun.desktop" value="gnome"/>
    <property name="sun.cpu.isalist" value=""/>
  </properties>
  <testcase name="test01" classname="ErrorTest0" time="0.109">
    <error type="java.lang.NullPointerException:">java.lang.NullPointerException: null
	at brain.ga.GAEnumAllelesSet.allele(GAEnumAllelesSet.java:23)
	at ErrorTest0.test01(ErrorTest0.java:15)
</error>
    <system-err>SLF4J: Class path contains multiple SLF4J bindings.
SLF4J: Found binding in [jar:file:/home/tinghui/.m2/repository/org/slf4j/slf4j-nop/1.7.25/slf4j-nop-1.7.25.jar!/org/slf4j/impl/StaticLoggerBinder.class]
SLF4J: Found binding in [jar:file:/home/tinghui/.m2/repository/ch/qos/logback/logback-classic/1.0.13/logback-classic-1.0.13.jar!/org/slf4j/impl/StaticLoggerBinder.class]
SLF4J: See http://www.slf4j.org/codes.html#multiple_bindings for an explanation.
SLF4J: Actual binding is of type [org.slf4j.helpers.NOPLoggerFactory]
</system-err>
  </testcase>
  <testcase name="test02" classname="ErrorTest0" time="0.006">
    <error type="java.lang.NullPointerException:">java.lang.NullPointerException: null
	at brain.ga.GAEnumAllelesSet.allele(GAEnumAllelesSet.java:19)
	at ErrorTest0.test02(ErrorTest0.java:23)
</error>
  </testcase>
  <testcase name="test03" classname="ErrorTest0" time="0.004">
    <error type="java.lang.NullPointerException:">java.lang.NullPointerException: null
	at brain.ga.GAEnumAllelesSet.size(GAEnumAllelesSet.java:31)
	at ErrorTest0.test03(ErrorTest0.java:31)
</error>
  </testcase>
  <testcase name="test04" classname="ErrorTest0" time="0">
    <error type="java.lang.NullPointerException:">java.lang.NullPointerException: null
	at brain.ga.GAEnumAllelesSet.allele(GAEnumAllelesSet.java:23)
	at ErrorTest0.test04(ErrorTest0.java:39)
</error>
  </testcase>
  <testcase name="test05" classname="ErrorTest0" time="0">
    <error type="java.lang.NullPointerException:">java.lang.NullPointerException: null
	at brain.ga.GAEnumAllelesSet.allele(GAEnumAllelesSet.java:23)
	at ErrorTest0.test05(ErrorTest0.java:47)
</error>
  </testcase>
  <testcase name="test06" classname="ErrorTest0" time="0">
    <error type="java.lang.NullPointerException:">java.lang.NullPointerException: null
	at brain.ga.GAEnumAllelesSet.allele(GAEnumAllelesSet.java:23)
	at ErrorTest0.test06(ErrorTest0.java:55)
</error>
  </testcase>
  <testcase name="test07" classname="ErrorTest0" time="0.001">
    <error type="java.lang.NullPointerException:">java.lang.NullPointerException: null
	at brain.ga.GAEnumAllelesSet.allele(GAEnumAllelesSet.java:23)
	at ErrorTest0.test07(ErrorTest0.java:63)
</error>
  </testcase>
  <testcase name="test08" classname="ErrorTest0" time="0.001">
    <error type="java.lang.NullPointerException:">java.lang.NullPointerException: null
	at brain.ga.GAEnumAllelesSet.allele(GAEnumAllelesSet.java:23)
	at ErrorTest0.test08(ErrorTest0.java:71)
</error>
  </testcase>
  <testcase name="test09" classname="ErrorTest0" time="0">
    <error type="java.lang.NullPointerException:">java.lang.NullPointerException: null
	at brain.ga.GAEnumAllelesSet.allele(GAEnumAllelesSet.java:23)
	at ErrorTest0.test09(ErrorTest0.java:80)
</error>
  </testcase>
  <testcase name="test10" classname="ErrorTest0" time="0">
    <error type="java.lang.NullPointerException:">java.lang.NullPointerException: null
	at brain.ga.GAEnumAllelesSet.size(GAEnumAllelesSet.java:31)
	at ErrorTest0.test10(ErrorTest0.java:89)
</error>
  </testcase>
  <testcase name="test11" classname="ErrorTest0" time="0">
    <error type="java.lang.NullPointerException:">java.lang.NullPointerException: null
	at brain.ga.GAEnumAllelesSet.allele(GAEnumAllelesSet.java:23)
	at ErrorTest0.test11(ErrorTest0.java:98)
</error>
  </testcase>
  <testcase name="test12" classname="ErrorTest0" time="0.004">
    <error type="java.lang.NullPointerException:">java.lang.NullPointerException: null
	at brain.ga.GAEnumAllelesSet.allele(GAEnumAllelesSet.java:23)
	at ErrorTest0.test12(ErrorTest0.java:106)
</error>
  </testcase>
  <testcase name="test13" classname="ErrorTest0" time="0">
    <error type="java.lang.NullPointerException:">java.lang.NullPointerException: null
	at brain.ga.GAEnumAllelesSet.allele(GAEnumAllelesSet.java:19)
	at ErrorTest0.test13(ErrorTest0.java:115)
</error>
  </testcase>
  <testcase name="test14" classname="ErrorTest0" time="0">
    <error type="java.lang.NullPointerException:">java.lang.NullPointerException: null
	at brain.ga.GAEnumAllelesSet.allele(GAEnumAllelesSet.java:23)
	at ErrorTest0.test14(ErrorTest0.java:123)
</error>
  </testcase>
  <testcase name="test15" classname="ErrorTest0" time="0.001">
    <error type="java.lang.NullPointerException:">java.lang.NullPointerException: null
	at brain.ga.GAEnumAllelesSet.allele(GAEnumAllelesSet.java:23)
	at ErrorTest0.test15(ErrorTest0.java:132)
</error>
  </testcase>
  <testcase name="test16" classname="ErrorTest0" time="0">
    <error type="java.lang.NullPointerException:">java.lang.NullPointerException: null
	at brain.ga.GAEnumAllelesSet.allele(GAEnumAllelesSet.java:23)
	at ErrorTest0.test16(ErrorTest0.java:141)
</error>
  </testcase>
  <testcase name="test17" classname="ErrorTest0" time="0">
    <error type="java.lang.NullPointerException:">java.lang.NullPointerException: null
	at brain.ga.GAEnumAllelesSet.allele(GAEnumAllelesSet.java:23)
	at ErrorTest0.test17(ErrorTest0.java:150)
</error>
  </testcase>
  <testcase name="test18" classname="ErrorTest0" time="0.003">
    <error type="java.lang.NullPointerException:">java.lang.NullPointerException: null
	at brain.ga.GAEnumAllelesSet.allele(GAEnumAllelesSet.java:23)
	at ErrorTest0.test18(ErrorTest0.java:159)
</error>
  </testcase>
  <testcase name="test19" classname="ErrorTest0" time="0.001">
    <error type="java.lang.NullPointerException:">java.lang.NullPointerException: null
	at brain.ga.GAEnumAllelesSet.allele(GAEnumAllelesSet.java:23)
	at ErrorTest0.test19(ErrorTest0.java:168)
</error>
  </testcase>
  <testcase name="test20" classname="ErrorTest0" time="0">
    <error type="java.lang.NullPointerException:">java.lang.NullPointerException: null
	at brain.ga.GAEnumAllelesSet.allele(GAEnumAllelesSet.java:23)
	at ErrorTest0.test20(ErrorTest0.java:177)
</error>
  </testcase>
  <testcase name="test21" classname="ErrorTest0" time="0.001">
    <error type="java.lang.NullPointerException:">java.lang.NullPointerException: null
	at brain.ga.GAEnumAllelesSet.allele(GAEnumAllelesSet.java:23)
	at ErrorTest0.test21(ErrorTest0.java:185)
</error>
  </testcase>
  <testcase name="test22" classname="ErrorTest0" time="0">
    <error type="java.lang.NullPointerException:">java.lang.NullPointerException: null
	at brain.ga.GAEnumAllelesSet.allele(GAEnumAllelesSet.java:23)
	at ErrorTest0.test22(ErrorTest0.java:194)
</error>
  </testcase>
  <testcase name="test23" classname="ErrorTest0" time="0.001">
    <error type="java.lang.NullPointerException:">java.lang.NullPointerException: null
	at brain.ga.GAEnumAllelesSet.allele(GAEnumAllelesSet.java:23)
	at ErrorTest0.test23(ErrorTest0.java:203)
</error>
  </testcase>
</testsuite>