<?xml version="1.0" encoding="UTF-8"?>
<testsuite name="ErrorTest" time="0.001" tests="23" errors="23" skipped="0" failures="0">
  <properties>
    <property name="java.runtime.name" value="Java(TM) SE Runtime Environment"/>
    <property name="sun.boot.library.path" value="/Library/Java/JavaVirtualMachines/jdk1.8.0_131.jdk/Contents/Home/jre/lib"/>
    <property name="java.vm.version" value="25.131-b11"/>
    <property name="gopherProxySet" value="false"/>
    <property name="java.vm.vendor" value="Oracle Corporation"/>
    <property name="maven.multiModuleProjectDirectory" value="/Users/rick/Desktop/Github/Evodoop/projects/3_gaj"/>
    <property name="java.vendor.url" value="http://java.oracle.com/"/>
    <property name="path.separator" value=":"/>
    <property name="guice.disable.misplaced.annotation.check" value="true"/>
    <property name="java.vm.name" value="Java HotSpot(TM) 64-Bit Server VM"/>
    <property name="file.encoding.pkg" value="sun.io"/>
    <property name="user.country" value="US"/>
    <property name="sun.java.launcher" value="SUN_STANDARD"/>
    <property name="sun.os.patch.level" value="unknown"/>
    <property name="java.vm.specification.name" value="Java Virtual Machine Specification"/>
    <property name="user.dir" value="/Users/rick/Desktop/Github/Evodoop/projects/3_gaj"/>
    <property name="java.runtime.version" value="1.8.0_131-b11"/>
    <property name="java.awt.graphicsenv" value="sun.awt.CGraphicsEnvironment"/>
    <property name="java.endorsed.dirs" value="/Library/Java/JavaVirtualMachines/jdk1.8.0_131.jdk/Contents/Home/jre/lib/endorsed"/>
    <property name="os.arch" value="x86_64"/>
    <property name="java.io.tmpdir" value="/var/folders/0j/2r0gt_wn3499kxjkn4cql3n00000gn/T/"/>
    <property name="line.separator" value="&#10;"/>
    <property name="java.vm.specification.vendor" value="Oracle Corporation"/>
    <property name="os.name" value="Mac OS X"/>
    <property name="classworlds.conf" value="/usr/local/Cellar/maven/3.5.0/libexec/bin/m2.conf"/>
    <property name="sun.jnu.encoding" value="UTF-8"/>
    <property name="java.library.path" value="/Users/rick/Library/Java/Extensions:/Library/Java/Extensions:/Network/Library/Java/Extensions:/System/Library/Java/Extensions:/usr/lib/java:."/>
    <property name="maven.conf" value="/usr/local/Cellar/maven/3.5.0/libexec/conf"/>
    <property name="java.specification.name" value="Java Platform API Specification"/>
    <property name="java.class.version" value="52.0"/>
    <property name="sun.management.compiler" value="HotSpot 64-Bit Tiered Compilers"/>
    <property name="os.version" value="10.14.4"/>
    <property name="library.jansi.path" value="/usr/local/Cellar/maven/3.5.0/libexec/lib/jansi-native/osx64"/>
    <property name="user.home" value="/Users/rick"/>
    <property name="user.timezone" value="America/Chicago"/>
    <property name="java.awt.printerjob" value="sun.lwawt.macosx.CPrinterJob"/>
    <property name="java.specification.version" value="1.8"/>
    <property name="file.encoding" value="UTF-8"/>
    <property name="user.name" value="rick"/>
    <property name="java.class.path" value="/usr/local/Cellar/maven/3.5.0/libexec/boot/plexus-classworlds-2.5.2.jar"/>
    <property name="java.vm.specification.version" value="1.8"/>
    <property name="sun.arch.data.model" value="64"/>
    <property name="java.home" value="/Library/Java/JavaVirtualMachines/jdk1.8.0_131.jdk/Contents/Home/jre"/>
    <property name="sun.java.command" value="org.codehaus.plexus.classworlds.launcher.Launcher install"/>
    <property name="java.specification.vendor" value="Oracle Corporation"/>
    <property name="user.language" value="en"/>
    <property name="awt.toolkit" value="sun.lwawt.macosx.LWCToolkit"/>
    <property name="java.vm.info" value="mixed mode"/>
    <property name="java.version" value="1.8.0_131"/>
    <property name="java.ext.dirs" value="/Users/rick/Library/Java/Extensions:/Library/Java/JavaVirtualMachines/jdk1.8.0_131.jdk/Contents/Home/jre/lib/ext:/Library/Java/Extensions:/Network/Library/Java/Extensions:/System/Library/Java/Extensions:/usr/lib/java"/>
    <property name="sun.boot.class.path" value="/Library/Java/JavaVirtualMachines/jdk1.8.0_131.jdk/Contents/Home/jre/lib/resources.jar:/Library/Java/JavaVirtualMachines/jdk1.8.0_131.jdk/Contents/Home/jre/lib/rt.jar:/Library/Java/JavaVirtualMachines/jdk1.8.0_131.jdk/Contents/Home/jre/lib/sunrsasign.jar:/Library/Java/JavaVirtualMachines/jdk1.8.0_131.jdk/Contents/Home/jre/lib/jsse.jar:/Library/Java/JavaVirtualMachines/jdk1.8.0_131.jdk/Contents/Home/jre/lib/jce.jar:/Library/Java/JavaVirtualMachines/jdk1.8.0_131.jdk/Contents/Home/jre/lib/charsets.jar:/Library/Java/JavaVirtualMachines/jdk1.8.0_131.jdk/Contents/Home/jre/lib/jfr.jar:/Library/Java/JavaVirtualMachines/jdk1.8.0_131.jdk/Contents/Home/jre/classes"/>
    <property name="java.vendor" value="Oracle Corporation"/>
    <property name="maven.home" value="/usr/local/Cellar/maven/3.5.0/libexec"/>
    <property name="file.separator" value="/"/>
    <property name="java.vendor.url.bug" value="http://bugreport.sun.com/bugreport/"/>
    <property name="sun.cpu.endian" value="little"/>
    <property name="sun.io.unicode.encoding" value="UnicodeBig"/>
    <property name="sun.cpu.isalist" value=""/>
  </properties>
  <testcase name="test01" classname="ErrorTest0" time="0.001">
    <error type="java.lang.NullPointerException:">java.lang.NullPointerException: null
	at brain.ga.GAEnumAllelesSet.allele(GAEnumAllelesSet.java:23)
	at ErrorTest0.test01(ErrorTest0.java:15)
</error>
  </testcase>
  <testcase name="test02" classname="ErrorTest0" time="0">
    <error type="java.lang.NullPointerException:">java.lang.NullPointerException: null
	at brain.ga.GAEnumAllelesSet.allele(GAEnumAllelesSet.java:19)
	at ErrorTest0.test02(ErrorTest0.java:23)
</error>
  </testcase>
  <testcase name="test03" classname="ErrorTest0" time="0">
    <error type="java.lang.NullPointerException:">java.lang.NullPointerException: null
	at brain.ga.GAEnumAllelesSet.size(GAEnumAllelesSet.java:31)
	at ErrorTest0.test03(ErrorTest0.java:31)
</error>
  </testcase>
  <testcase name="test04" classname="ErrorTest0" time="0">
    <error type="java.lang.NullPointerException:">java.lang.NullPointerException: null
	at brain.ga.GAEnumAllelesSet.allele(GAEnumAllelesSet.java:23)
	at ErrorTest0.test04(ErrorTest0.java:39)
</error>
  </testcase>
  <testcase name="test05" classname="ErrorTest0" time="0">
    <error type="java.lang.NullPointerException:">java.lang.NullPointerException: null
	at brain.ga.GAEnumAllelesSet.allele(GAEnumAllelesSet.java:23)
	at ErrorTest0.test05(ErrorTest0.java:47)
</error>
  </testcase>
  <testcase name="test06" classname="ErrorTest0" time="0">
    <error type="java.lang.NullPointerException:">java.lang.NullPointerException: null
	at brain.ga.GAEnumAllelesSet.allele(GAEnumAllelesSet.java:23)
	at ErrorTest0.test06(ErrorTest0.java:55)
</error>
  </testcase>
  <testcase name="test07" classname="ErrorTest0" time="0">
    <error type="java.lang.NullPointerException:">java.lang.NullPointerException: null
	at brain.ga.GAEnumAllelesSet.allele(GAEnumAllelesSet.java:23)
	at ErrorTest0.test07(ErrorTest0.java:63)
</error>
  </testcase>
  <testcase name="test08" classname="ErrorTest0" time="0">
    <error type="java.lang.NullPointerException:">java.lang.NullPointerException: null
	at brain.ga.GAEnumAllelesSet.allele(GAEnumAllelesSet.java:23)
	at ErrorTest0.test08(ErrorTest0.java:71)
</error>
  </testcase>
  <testcase name="test09" classname="ErrorTest0" time="0">
    <error type="java.lang.NullPointerException:">java.lang.NullPointerException: null
	at brain.ga.GAEnumAllelesSet.allele(GAEnumAllelesSet.java:23)
	at ErrorTest0.test09(ErrorTest0.java:80)
</error>
  </testcase>
  <testcase name="test10" classname="ErrorTest0" time="0">
    <error type="java.lang.NullPointerException:">java.lang.NullPointerException: null
	at brain.ga.GAEnumAllelesSet.size(GAEnumAllelesSet.java:31)
	at ErrorTest0.test10(ErrorTest0.java:89)
</error>
  </testcase>
  <testcase name="test11" classname="ErrorTest0" time="0">
    <error type="java.lang.NullPointerException:">java.lang.NullPointerException: null
	at brain.ga.GAEnumAllelesSet.allele(GAEnumAllelesSet.java:23)
	at ErrorTest0.test11(ErrorTest0.java:98)
</error>
  </testcase>
  <testcase name="test12" classname="ErrorTest0" time="0">
    <error type="java.lang.NullPointerException:">java.lang.NullPointerException: null
	at brain.ga.GAEnumAllelesSet.allele(GAEnumAllelesSet.java:23)
	at ErrorTest0.test12(ErrorTest0.java:106)
</error>
  </testcase>
  <testcase name="test13" classname="ErrorTest0" time="0">
    <error type="java.lang.NullPointerException:">java.lang.NullPointerException: null
	at brain.ga.GAEnumAllelesSet.allele(GAEnumAllelesSet.java:19)
	at ErrorTest0.test13(ErrorTest0.java:115)
</error>
  </testcase>
  <testcase name="test14" classname="ErrorTest0" time="0">
    <error type="java.lang.NullPointerException:">java.lang.NullPointerException: null
	at brain.ga.GAEnumAllelesSet.allele(GAEnumAllelesSet.java:23)
	at ErrorTest0.test14(ErrorTest0.java:123)
</error>
  </testcase>
  <testcase name="test15" classname="ErrorTest0" time="0">
    <error type="java.lang.NullPointerException:">java.lang.NullPointerException: null
	at brain.ga.GAEnumAllelesSet.allele(GAEnumAllelesSet.java:23)
	at ErrorTest0.test15(ErrorTest0.java:132)
</error>
  </testcase>
  <testcase name="test16" classname="ErrorTest0" time="0">
    <error type="java.lang.NullPointerException:">java.lang.NullPointerException: null
	at brain.ga.GAEnumAllelesSet.allele(GAEnumAllelesSet.java:23)
	at ErrorTest0.test16(ErrorTest0.java:141)
</error>
  </testcase>
  <testcase name="test17" classname="ErrorTest0" time="0">
    <error type="java.lang.NullPointerException:">java.lang.NullPointerException: null
	at brain.ga.GAEnumAllelesSet.allele(GAEnumAllelesSet.java:23)
	at ErrorTest0.test17(ErrorTest0.java:150)
</error>
  </testcase>
  <testcase name="test18" classname="ErrorTest0" time="0">
    <error type="java.lang.NullPointerException:">java.lang.NullPointerException: null
	at brain.ga.GAEnumAllelesSet.allele(GAEnumAllelesSet.java:23)
	at ErrorTest0.test18(ErrorTest0.java:159)
</error>
  </testcase>
  <testcase name="test19" classname="ErrorTest0" time="0">
    <error type="java.lang.NullPointerException:">java.lang.NullPointerException: null
	at brain.ga.GAEnumAllelesSet.allele(GAEnumAllelesSet.java:23)
	at ErrorTest0.test19(ErrorTest0.java:168)
</error>
  </testcase>
  <testcase name="test20" classname="ErrorTest0" time="0">
    <error type="java.lang.NullPointerException:">java.lang.NullPointerException: null
	at brain.ga.GAEnumAllelesSet.allele(GAEnumAllelesSet.java:23)
	at ErrorTest0.test20(ErrorTest0.java:177)
</error>
  </testcase>
  <testcase name="test21" classname="ErrorTest0" time="0">
    <error type="java.lang.NullPointerException:">java.lang.NullPointerException: null
	at brain.ga.GAEnumAllelesSet.allele(GAEnumAllelesSet.java:23)
	at ErrorTest0.test21(ErrorTest0.java:185)
</error>
  </testcase>
  <testcase name="test22" classname="ErrorTest0" time="0">
    <error type="java.lang.NullPointerException:">java.lang.NullPointerException: null
	at brain.ga.GAEnumAllelesSet.allele(GAEnumAllelesSet.java:23)
	at ErrorTest0.test22(ErrorTest0.java:194)
</error>
  </testcase>
  <testcase name="test23" classname="ErrorTest0" time="0">
    <error type="java.lang.NullPointerException:">java.lang.NullPointerException: null
	at brain.ga.GAEnumAllelesSet.allele(GAEnumAllelesSet.java:23)
	at ErrorTest0.test23(ErrorTest0.java:203)
</error>
  </testcase>
</testsuite>